<?xml version="1.0" encoding="UTF-8"?>
<coverage generated="1747698677357" clover="3.2.0">
  <project timestamp="1747698677357" name="All files">
    <metrics statements="81" coveredstatements="70" conditionals="46" coveredconditionals="25" methods="13" coveredmethods="13" elements="140" coveredelements="108" complexity="0" loc="81" ncloc="81" packages="1" files="3" classes="3"/>
    <file name="client.ts" path="/Users/chiragsachdeva/Coding/1ClickImpact Github/makeimpact-js/src/client.ts">
      <metrics statements="76" coveredstatements="65" conditionals="44" coveredconditionals="23" methods="11" coveredmethods="11"/>
      <line num="1" count="1" type="stmt"/>
      <line num="13" count="1" type="stmt"/>
      <line num="26" count="15" type="cond" truecount="1" falsecount="0"/>
      <line num="27" count="1" type="stmt"/>
      <line num="29" count="14" type="stmt"/>
      <line num="32" count="14" type="stmt"/>
      <line num="48" count="3" type="stmt"/>
      <line num="50" count="3" type="stmt"/>
      <line num="54" count="3" type="cond" truecount="0" falsecount="1"/>
      <line num="55" count="3" type="cond" truecount="1" falsecount="0"/>
      <line num="56" count="1" type="stmt"/>
      <line num="57" count="1" type="cond" truecount="1" falsecount="0"/>
      <line num="60" count="3" type="stmt"/>
      <line num="72" count="1" type="stmt"/>
      <line num="74" count="1" type="stmt"/>
      <line num="78" count="1" type="cond" truecount="0" falsecount="1"/>
      <line num="79" count="0" type="stmt"/>
      <line num="80" count="0" type="cond" truecount="0" falsecount="1"/>
      <line num="83" count="1" type="stmt"/>
      <line num="95" count="1" type="stmt"/>
      <line num="97" count="1" type="stmt"/>
      <line num="101" count="1" type="cond" truecount="0" falsecount="1"/>
      <line num="102" count="0" type="stmt"/>
      <line num="103" count="0" type="cond" truecount="0" falsecount="1"/>
      <line num="106" count="1" type="stmt"/>
      <line num="118" count="1" type="stmt"/>
      <line num="120" count="1" type="stmt"/>
      <line num="124" count="1" type="cond" truecount="0" falsecount="1"/>
      <line num="125" count="0" type="stmt"/>
      <line num="126" count="0" type="cond" truecount="0" falsecount="1"/>
      <line num="129" count="1" type="stmt"/>
      <line num="137" count="1" type="stmt"/>
      <line num="145" count="1" type="stmt"/>
      <line num="159" count="2" type="stmt"/>
      <line num="161" count="2" type="cond" truecount="1" falsecount="0"/>
      <line num="162" count="2" type="cond" truecount="1" falsecount="0"/>
      <line num="163" count="2" type="cond" truecount="0" falsecount="1"/>
      <line num="164" count="2" type="cond" truecount="0" falsecount="1"/>
      <line num="165" count="2" type="cond" truecount="1" falsecount="0"/>
      <line num="166" count="1" type="stmt"/>
      <line num="168" count="2" type="stmt"/>
      <line num="169" count="2" type="cond" truecount="2" falsecount="0"/>
      <line num="171" count="2" type="stmt"/>
      <line num="188" count="1" type="stmt"/>
      <line num="190" count="1" type="cond" truecount="1" falsecount="0"/>
      <line num="191" count="1" type="stmt"/>
      <line num="192" count="1" type="cond" truecount="0" falsecount="1"/>
      <line num="193" count="1" type="cond" truecount="0" falsecount="1"/>
      <line num="194" count="1" type="cond" truecount="0" falsecount="1"/>
      <line num="195" count="1" type="cond" truecount="0" falsecount="1"/>
      <line num="196" count="1" type="cond" truecount="0" falsecount="1"/>
      <line num="197" count="0" type="stmt"/>
      <line num="199" count="1" type="stmt"/>
      <line num="200" count="1" type="stmt"/>
      <line num="204" count="1" type="stmt"/>
      <line num="216" count="1" type="stmt"/>
      <line num="218" count="1" type="cond" truecount="0" falsecount="1"/>
      <line num="219" count="0" type="stmt"/>
      <line num="220" count="1" type="cond" truecount="0" falsecount="1"/>
      <line num="221" count="0" type="stmt"/>
      <line num="222" count="1" type="cond" truecount="0" falsecount="1"/>
      <line num="224" count="1" type="stmt"/>
      <line num="225" count="1" type="cond" truecount="1" falsecount="1"/>
      <line num="227" count="1" type="stmt"/>
      <line num="242" count="12" type="stmt"/>
      <line num="243" count="12" type="stmt"/>
      <line num="251" count="12" type="cond" truecount="3" falsecount="0"/>
      <line num="252" count="6" type="stmt"/>
      <line num="255" count="12" type="stmt"/>
      <line num="257" count="12" type="stmt"/>
      <line num="259" count="12" type="cond" truecount="1" falsecount="0"/>
      <line num="260" count="12" type="stmt"/>
      <line num="265" count="0" type="stmt"/>
      <line num="267" count="12" type="cond" truecount="1" falsecount="0"/>
      <line num="268" count="12" type="stmt"/>
      <line num="270" count="0" type="stmt"/>
    </file>
    <file name="index.ts" path="/Users/chiragsachdeva/Coding/1ClickImpact Github/makeimpact-js/src/index.ts">
      <metrics statements="2" coveredstatements="2" conditionals="0" coveredconditionals="0" methods="1" coveredmethods="1"/>
      <line num="1" count="17" type="stmt"/>
      <line num="2" count="1" type="stmt"/>
    </file>
    <file name="types.ts" path="/Users/chiragsachdeva/Coding/1ClickImpact Github/makeimpact-js/src/types.ts">
      <metrics statements="3" coveredstatements="3" conditionals="2" coveredconditionals="2" methods="1" coveredmethods="1"/>
      <line num="1" count="1" type="cond" truecount="2" falsecount="0"/>
      <line num="2" count="1" type="stmt"/>
      <line num="3" count="1" type="stmt"/>
    </file>
  </project>
</coverage>
