<?xml version="1.0" encoding="UTF-8"?>
<coverage generated="1747758461522" clover="3.2.0">
  <project timestamp="1747758461522" name="All files">
    <metrics statements="114" coveredstatements="100" conditionals="77" coveredconditionals="52" methods="17" coveredmethods="17" elements="208" coveredelements="169" complexity="0" loc="114" ncloc="114" packages="1" files="3" classes="3"/>
    <file name="client.ts" path="/Users/chiragsachdeva/Coding/1ClickImpact Github/makeimpact-js/src/client.ts">
      <metrics statements="109" coveredstatements="95" conditionals="75" coveredconditionals="50" methods="15" coveredmethods="15"/>
      <line num="1" count="1" type="stmt"/>
      <line num="22" count="1" type="stmt"/>
      <line num="35" count="22" type="cond" truecount="1" falsecount="0"/>
      <line num="36" count="1" type="stmt"/>
      <line num="38" count="21" type="stmt"/>
      <line num="41" count="21" type="stmt"/>
      <line num="57" count="5" type="stmt"/>
      <line num="59" count="5" type="stmt"/>
      <line num="63" count="5" type="cond" truecount="1" falsecount="0"/>
      <line num="64" count="5" type="cond" truecount="1" falsecount="0"/>
      <line num="65" count="3" type="stmt"/>
      <line num="66" count="3" type="cond" truecount="1" falsecount="0"/>
      <line num="69" count="5" type="stmt"/>
      <line num="72" count="5" type="stmt"/>
      <line num="98" count="2" type="stmt"/>
      <line num="100" count="2" type="stmt"/>
      <line num="104" count="2" type="cond" truecount="1" falsecount="0"/>
      <line num="105" count="1" type="stmt"/>
      <line num="106" count="1" type="cond" truecount="1" falsecount="0"/>
      <line num="109" count="2" type="stmt"/>
      <line num="112" count="2" type="stmt"/>
      <line num="133" count="2" type="stmt"/>
      <line num="135" count="2" type="stmt"/>
      <line num="139" count="2" type="cond" truecount="1" falsecount="0"/>
      <line num="140" count="1" type="stmt"/>
      <line num="141" count="1" type="cond" truecount="1" falsecount="0"/>
      <line num="144" count="2" type="stmt"/>
      <line num="147" count="2" type="stmt"/>
      <line num="166" count="2" type="stmt"/>
      <line num="168" count="2" type="stmt"/>
      <line num="172" count="2" type="cond" truecount="1" falsecount="0"/>
      <line num="173" count="1" type="stmt"/>
      <line num="174" count="1" type="cond" truecount="1" falsecount="0"/>
      <line num="177" count="2" type="stmt"/>
      <line num="180" count="2" type="stmt"/>
      <line num="195" count="1" type="stmt"/>
      <line num="197" count="1" type="stmt"/>
      <line num="211" count="2" type="stmt"/>
      <line num="213" count="1" type="stmt"/>
      <line num="230" count="2" type="stmt"/>
      <line num="232" count="2" type="cond" truecount="1" falsecount="0"/>
      <line num="233" count="2" type="cond" truecount="0" falsecount="1"/>
      <line num="234" count="2" type="cond" truecount="0" falsecount="1"/>
      <line num="235" count="2" type="cond" truecount="0" falsecount="1"/>
      <line num="236" count="2" type="cond" truecount="1" falsecount="0"/>
      <line num="237" count="1" type="stmt"/>
      <line num="239" count="2" type="stmt"/>
      <line num="240" count="2" type="cond" truecount="2" falsecount="0"/>
      <line num="242" count="2" type="stmt"/>
      <line num="245" count="2" type="stmt"/>
      <line num="247" count="15" type="stmt"/>
      <line num="252" count="15" type="cond" truecount="2" falsecount="0"/>
      <line num="253" count="12" type="stmt"/>
      <line num="257" count="3" type="cond" truecount="2" falsecount="0"/>
      <line num="258" count="2" type="stmt"/>
      <line num="262" count="1" type="cond" truecount="1" falsecount="1"/>
      <line num="263" count="1" type="stmt"/>
      <line num="267" count="0" type="cond" truecount="0" falsecount="1"/>
      <line num="268" count="0" type="stmt"/>
      <line num="274" count="0" type="stmt"/>
      <line num="294" count="1" type="stmt"/>
      <line num="296" count="1" type="cond" truecount="1" falsecount="0"/>
      <line num="297" count="1" type="stmt"/>
      <line num="298" count="1" type="cond" truecount="0" falsecount="1"/>
      <line num="299" count="1" type="cond" truecount="0" falsecount="1"/>
      <line num="300" count="1" type="cond" truecount="0" falsecount="1"/>
      <line num="301" count="1" type="cond" truecount="0" falsecount="1"/>
      <line num="302" count="1" type="cond" truecount="0" falsecount="1"/>
      <line num="303" count="0" type="stmt"/>
      <line num="305" count="1" type="stmt"/>
      <line num="306" count="1" type="stmt"/>
      <line num="310" count="1" type="stmt"/>
      <line num="313" count="1" type="stmt"/>
      <line num="315" count="6" type="stmt"/>
      <line num="321" count="6" type="cond" truecount="1" falsecount="1"/>
      <line num="322" count="6" type="stmt"/>
      <line num="327" count="0" type="cond" truecount="0" falsecount="2"/>
      <line num="328" count="0" type="stmt"/>
      <line num="332" count="0" type="cond" truecount="0" falsecount="2"/>
      <line num="333" count="0" type="stmt"/>
      <line num="337" count="0" type="cond" truecount="0" falsecount="1"/>
      <line num="338" count="0" type="stmt"/>
      <line num="344" count="0" type="stmt"/>
      <line num="361" count="2" type="stmt"/>
      <line num="363" count="2" type="cond" truecount="1" falsecount="0"/>
      <line num="364" count="1" type="stmt"/>
      <line num="365" count="2" type="cond" truecount="0" falsecount="1"/>
      <line num="366" count="0" type="stmt"/>
      <line num="367" count="2" type="cond" truecount="0" falsecount="1"/>
      <line num="369" count="2" type="stmt"/>
      <line num="370" count="2" type="cond" truecount="2" falsecount="0"/>
      <line num="372" count="2" type="stmt"/>
      <line num="375" count="2" type="stmt"/>
      <line num="376" count="9" type="stmt"/>
      <line num="399" count="19" type="stmt"/>
      <line num="400" count="19" type="stmt"/>
      <line num="408" count="19" type="cond" truecount="3" falsecount="0"/>
      <line num="409" count="11" type="stmt"/>
      <line num="412" count="19" type="stmt"/>
      <line num="414" count="19" type="stmt"/>
      <line num="416" count="19" type="cond" truecount="1" falsecount="0"/>
      <line num="417" count="1" type="cond" truecount="3" falsecount="0"/>
      <line num="418" count="1" type="stmt"/>
      <line num="420" count="0" type="stmt"/>
      <line num="423" count="18" type="stmt"/>
      <line num="425" count="1" type="cond" truecount="1" falsecount="0"/>
      <line num="426" count="1" type="stmt"/>
      <line num="428" count="0" type="stmt"/>
      <line num="437" count="9" type="stmt"/>
    </file>
    <file name="index.ts" path="/Users/chiragsachdeva/Coding/1ClickImpact Github/makeimpact-js/src/index.ts">
      <metrics statements="2" coveredstatements="2" conditionals="0" coveredconditionals="0" methods="1" coveredmethods="1"/>
      <line num="1" count="24" type="stmt"/>
      <line num="2" count="1" type="stmt"/>
    </file>
    <file name="types.ts" path="/Users/chiragsachdeva/Coding/1ClickImpact Github/makeimpact-js/src/types.ts">
      <metrics statements="3" coveredstatements="3" conditionals="2" coveredconditionals="2" methods="1" coveredmethods="1"/>
      <line num="1" count="1" type="cond" truecount="2" falsecount="0"/>
      <line num="2" count="1" type="stmt"/>
      <line num="3" count="1" type="stmt"/>
    </file>
  </project>
</coverage>
