{"/Users/chiragsachdeva/Coding/1ClickImpact Github/makeimpact-js/src/client.ts": {"path":"/Users/chiragsachdeva/Coding/1ClickImpact Github/makeimpact-js/src/client.ts","statementMap":{"0":{"start":{"line":1,"column":0},"end":{"line":1,"column":null}},"1":{"start":{"line":35,"column":4},"end":{"line":37,"column":null}},"2":{"start":{"line":36,"column":6},"end":{"line":36,"column":80}},"3":{"start":{"line":38,"column":4},"end":{"line":38,"column":25}},"4":{"start":{"line":41,"column":4},"end":{"line":44,"column":41}},"5":{"start":{"line":57,"column":62},"end":{"line":57,"column":68}},"6":{"start":{"line":59,"column":38},"end":{"line":61,"column":6}},"7":{"start":{"line":63,"column":4},"end":{"line":63,"column":43}},"8":{"start":{"line":63,"column":18},"end":{"line":63,"column":43}},"9":{"start":{"line":64,"column":4},"end":{"line":67,"column":null}},"10":{"start":{"line":65,"column":6},"end":{"line":65,"column":42}},"11":{"start":{"line":66,"column":6},"end":{"line":66,"column":58}},"12":{"start":{"line":66,"column":24},"end":{"line":66,"column":58}},"13":{"start":{"line":69,"column":21},"end":{"line":69,"column":67}},"14":{"start":{"line":72,"column":4},"end":{"line":86,"column":6}},"15":{"start":{"line":98,"column":52},"end":{"line":98,"column":58}},"16":{"start":{"line":100,"column":38},"end":{"line":102,"column":6}},"17":{"start":{"line":104,"column":4},"end":{"line":107,"column":null}},"18":{"start":{"line":105,"column":6},"end":{"line":105,"column":42}},"19":{"start":{"line":106,"column":6},"end":{"line":106,"column":58}},"20":{"start":{"line":106,"column":24},"end":{"line":106,"column":58}},"21":{"start":{"line":109,"column":21},"end":{"line":109,"column":68}},"22":{"start":{"line":112,"column":4},"end":{"line":119,"column":6}},"23":{"start":{"line":133,"column":52},"end":{"line":133,"column":58}},"24":{"start":{"line":135,"column":38},"end":{"line":137,"column":6}},"25":{"start":{"line":139,"column":4},"end":{"line":142,"column":null}},"26":{"start":{"line":140,"column":6},"end":{"line":140,"column":42}},"27":{"start":{"line":141,"column":6},"end":{"line":141,"column":58}},"28":{"start":{"line":141,"column":24},"end":{"line":141,"column":58}},"29":{"start":{"line":144,"column":21},"end":{"line":144,"column":71}},"30":{"start":{"line":147,"column":4},"end":{"line":154,"column":6}},"31":{"start":{"line":166,"column":52},"end":{"line":166,"column":58}},"32":{"start":{"line":168,"column":38},"end":{"line":170,"column":6}},"33":{"start":{"line":172,"column":4},"end":{"line":175,"column":null}},"34":{"start":{"line":173,"column":6},"end":{"line":173,"column":42}},"35":{"start":{"line":174,"column":6},"end":{"line":174,"column":58}},"36":{"start":{"line":174,"column":24},"end":{"line":174,"column":58}},"37":{"start":{"line":177,"column":21},"end":{"line":177,"column":69}},"38":{"start":{"line":180,"column":4},"end":{"line":187,"column":6}},"39":{"start":{"line":195,"column":21},"end":{"line":195,"column":70}},"40":{"start":{"line":197,"column":4},"end":{"line":203,"column":6}},"41":{"start":{"line":211,"column":21},"end":{"line":211,"column":70}},"42":{"start":{"line":213,"column":4},"end":{"line":216,"column":6}},"43":{"start":{"line":230,"column":24},"end":{"line":230,"column":45}},"44":{"start":{"line":232,"column":4},"end":{"line":232,"column":74}},"45":{"start":{"line":232,"column":25},"end":{"line":232,"column":74}},"46":{"start":{"line":233,"column":4},"end":{"line":233,"column":77}},"47":{"start":{"line":233,"column":26},"end":{"line":233,"column":77}},"48":{"start":{"line":234,"column":4},"end":{"line":234,"column":71}},"49":{"start":{"line":234,"column":24},"end":{"line":234,"column":71}},"50":{"start":{"line":235,"column":4},"end":{"line":235,"column":67}},"51":{"start":{"line":235,"column":23},"end":{"line":235,"column":67}},"52":{"start":{"line":236,"column":4},"end":{"line":237,"column":59}},"53":{"start":{"line":237,"column":6},"end":{"line":237,"column":59}},"54":{"start":{"line":239,"column":24},"end":{"line":239,"column":46}},"55":{"start":{"line":240,"column":21},"end":{"line":240,"column":73}},"56":{"start":{"line":242,"column":21},"end":{"line":242,"column":66}},"57":{"start":{"line":245,"column":4},"end":{"line":277,"column":6}},"58":{"start":{"line":247,"column":27},"end":{"line":250,"column":10}},"59":{"start":{"line":252,"column":8},"end":{"line":272,"column":null}},"60":{"start":{"line":253,"column":10},"end":{"line":256,"column":12}},"61":{"start":{"line":257,"column":15},"end":{"line":272,"column":null}},"62":{"start":{"line":258,"column":10},"end":{"line":261,"column":12}},"63":{"start":{"line":262,"column":15},"end":{"line":272,"column":null}},"64":{"start":{"line":263,"column":10},"end":{"line":266,"column":12}},"65":{"start":{"line":267,"column":15},"end":{"line":272,"column":null}},"66":{"start":{"line":268,"column":10},"end":{"line":271,"column":12}},"67":{"start":{"line":274,"column":8},"end":{"line":274,"column":26}},"68":{"start":{"line":294,"column":24},"end":{"line":294,"column":45}},"69":{"start":{"line":296,"column":4},"end":{"line":297,"column":65}},"70":{"start":{"line":297,"column":6},"end":{"line":297,"column":65}},"71":{"start":{"line":298,"column":4},"end":{"line":298,"column":74}},"72":{"start":{"line":298,"column":25},"end":{"line":298,"column":74}},"73":{"start":{"line":299,"column":4},"end":{"line":299,"column":77}},"74":{"start":{"line":299,"column":26},"end":{"line":299,"column":77}},"75":{"start":{"line":300,"column":4},"end":{"line":300,"column":71}},"76":{"start":{"line":300,"column":24},"end":{"line":300,"column":71}},"77":{"start":{"line":301,"column":4},"end":{"line":301,"column":67}},"78":{"start":{"line":301,"column":23},"end":{"line":301,"column":67}},"79":{"start":{"line":302,"column":4},"end":{"line":303,"column":59}},"80":{"start":{"line":303,"column":6},"end":{"line":303,"column":59}},"81":{"start":{"line":305,"column":24},"end":{"line":305,"column":46}},"82":{"start":{"line":306,"column":21},"end":{"line":308,"column":6}},"83":{"start":{"line":310,"column":21},"end":{"line":310,"column":66}},"84":{"start":{"line":313,"column":4},"end":{"line":347,"column":6}},"85":{"start":{"line":315,"column":27},"end":{"line":319,"column":10}},"86":{"start":{"line":321,"column":8},"end":{"line":342,"column":null}},"87":{"start":{"line":322,"column":10},"end":{"line":326,"column":12}},"88":{"start":{"line":327,"column":15},"end":{"line":342,"column":null}},"89":{"start":{"line":328,"column":10},"end":{"line":331,"column":12}},"90":{"start":{"line":332,"column":15},"end":{"line":342,"column":null}},"91":{"start":{"line":333,"column":10},"end":{"line":336,"column":12}},"92":{"start":{"line":337,"column":15},"end":{"line":342,"column":null}},"93":{"start":{"line":338,"column":10},"end":{"line":341,"column":12}},"94":{"start":{"line":344,"column":8},"end":{"line":344,"column":26}},"95":{"start":{"line":361,"column":24},"end":{"line":361,"column":45}},"96":{"start":{"line":363,"column":4},"end":{"line":364,"column":65}},"97":{"start":{"line":364,"column":6},"end":{"line":364,"column":65}},"98":{"start":{"line":365,"column":4},"end":{"line":366,"column":59}},"99":{"start":{"line":366,"column":6},"end":{"line":366,"column":59}},"100":{"start":{"line":367,"column":4},"end":{"line":367,"column":67}},"101":{"start":{"line":367,"column":23},"end":{"line":367,"column":67}},"102":{"start":{"line":369,"column":24},"end":{"line":369,"column":46}},"103":{"start":{"line":370,"column":21},"end":{"line":370,"column":75}},"104":{"start":{"line":372,"column":21},"end":{"line":372,"column":66}},"105":{"start":{"line":375,"column":4},"end":{"line":383,"column":6}},"106":{"start":{"line":376,"column":60},"end":{"line":381,"column":8}},"107":{"start":{"line":399,"column":4},"end":{"line":429,"column":null}},"108":{"start":{"line":400,"column":35},"end":{"line":406,"column":8}},"109":{"start":{"line":408,"column":6},"end":{"line":410,"column":null}},"110":{"start":{"line":409,"column":8},"end":{"line":409,"column":44}},"111":{"start":{"line":412,"column":23},"end":{"line":412,"column":73}},"112":{"start":{"line":414,"column":19},"end":{"line":414,"column":40}},"113":{"start":{"line":416,"column":6},"end":{"line":421,"column":null}},"114":{"start":{"line":417,"column":8},"end":{"line":419,"column":null}},"115":{"start":{"line":418,"column":10},"end":{"line":418,"column":59}},"116":{"start":{"line":420,"column":8},"end":{"line":420,"column":73}},"117":{"start":{"line":423,"column":6},"end":{"line":423,"column":18}},"118":{"start":{"line":425,"column":6},"end":{"line":427,"column":null}},"119":{"start":{"line":426,"column":8},"end":{"line":426,"column":68}},"120":{"start":{"line":428,"column":6},"end":{"line":428,"column":18}},"121":{"start":{"line":22,"column":0},"end":{"line":22,"column":13}},"122":{"start":{"line":437,"column":2},"end":{"line":443,"column":4}}},"fnMap":{"0":{"name":"(anonymous_0)","decl":{"start":{"line":31,"column":2},"end":{"line":31,"column":null}},"loc":{"start":{"line":33,"column":53},"end":{"line":45,"column":3}}},"1":{"name":"(anonymous_1)","decl":{"start":{"line":56,"column":2},"end":{"line":56,"column":7}},"loc":{"start":{"line":56,"column":41},"end":{"line":87,"column":3}}},"2":{"name":"(anonymous_2)","decl":{"start":{"line":97,"column":2},"end":{"line":97,"column":7}},"loc":{"start":{"line":97,"column":43},"end":{"line":120,"column":3}}},"3":{"name":"(anonymous_3)","decl":{"start":{"line":130,"column":2},"end":{"line":130,"column":7}},"loc":{"start":{"line":131,"column":31},"end":{"line":155,"column":3}}},"4":{"name":"(anonymous_4)","decl":{"start":{"line":165,"column":2},"end":{"line":165,"column":7}},"loc":{"start":{"line":165,"column":45},"end":{"line":188,"column":3}}},"5":{"name":"(anonymous_5)","decl":{"start":{"line":194,"column":2},"end":{"line":194,"column":7}},"loc":{"start":{"line":194,"column":17},"end":{"line":204,"column":3}}},"6":{"name":"(anonymous_6)","decl":{"start":{"line":210,"column":2},"end":{"line":210,"column":7}},"loc":{"start":{"line":210,"column":14},"end":{"line":217,"column":3}}},"7":{"name":"(anonymous_7)","decl":{"start":{"line":229,"column":2},"end":{"line":229,"column":7}},"loc":{"start":{"line":229,"column":48},"end":{"line":278,"column":3}}},"8":{"name":"(anonymous_8)","decl":{"start":{"line":246,"column":45},"end":{"line":246,"column":46}},"loc":{"start":{"line":246,"column":61},"end":{"line":275,"column":7}}},"9":{"name":"(anonymous_9)","decl":{"start":{"line":291,"column":2},"end":{"line":291,"column":7}},"loc":{"start":{"line":292,"column":41},"end":{"line":348,"column":3}}},"10":{"name":"(anonymous_10)","decl":{"start":{"line":314,"column":53},"end":{"line":314,"column":54}},"loc":{"start":{"line":314,"column":69},"end":{"line":345,"column":7}}},"11":{"name":"(anonymous_11)","decl":{"start":{"line":358,"column":2},"end":{"line":358,"column":7}},"loc":{"start":{"line":359,"column":35},"end":{"line":384,"column":3}}},"12":{"name":"(anonymous_12)","decl":{"start":{"line":376,"column":40},"end":{"line":376,"column":41}},"loc":{"start":{"line":376,"column":60},"end":{"line":381,"column":8}}},"13":{"name":"(anonymous_13)","decl":{"start":{"line":394,"column":10},"end":{"line":394,"column":15}},"loc":{"start":{"line":397,"column":27},"end":{"line":430,"column":3}}},"14":{"name":"transformCustomer","decl":{"start":{"line":436,"column":9},"end":{"line":436,"column":26}},"loc":{"start":{"line":436,"column":44},"end":{"line":444,"column":1}}}},"branchMap":{"0":{"loc":{"start":{"line":33,"column":4},"end":{"line":33,"column":53}},"type":"default-arg","locations":[{"start":{"line":33,"column":31},"end":{"line":33,"column":53}}]},"1":{"loc":{"start":{"line":35,"column":4},"end":{"line":37,"column":null}},"type":"if","locations":[{"start":{"line":35,"column":4},"end":{"line":37,"column":null}}]},"2":{"loc":{"start":{"line":42,"column":6},"end":{"line":44,"column":40}},"type":"cond-expr","locations":[{"start":{"line":43,"column":10},"end":{"line":43,"column":44}},{"start":{"line":44,"column":10},"end":{"line":44,"column":40}}]},"3":{"loc":{"start":{"line":63,"column":4},"end":{"line":63,"column":43}},"type":"if","locations":[{"start":{"line":63,"column":4},"end":{"line":63,"column":43}}]},"4":{"loc":{"start":{"line":64,"column":4},"end":{"line":67,"column":null}},"type":"if","locations":[{"start":{"line":64,"column":4},"end":{"line":67,"column":null}}]},"5":{"loc":{"start":{"line":66,"column":6},"end":{"line":66,"column":58}},"type":"if","locations":[{"start":{"line":66,"column":6},"end":{"line":66,"column":58}}]},"6":{"loc":{"start":{"line":76,"column":16},"end":{"line":84,"column":19}},"type":"cond-expr","locations":[{"start":{"line":77,"column":10},"end":{"line":83,"column":null}},{"start":{"line":84,"column":10},"end":{"line":84,"column":19}}]},"7":{"loc":{"start":{"line":104,"column":4},"end":{"line":107,"column":null}},"type":"if","locations":[{"start":{"line":104,"column":4},"end":{"line":107,"column":null}}]},"8":{"loc":{"start":{"line":106,"column":6},"end":{"line":106,"column":58}},"type":"if","locations":[{"start":{"line":106,"column":6},"end":{"line":106,"column":58}}]},"9":{"loc":{"start":{"line":115,"column":16},"end":{"line":117,"column":19}},"type":"cond-expr","locations":[{"start":{"line":116,"column":10},"end":{"line":116,"column":46}},{"start":{"line":117,"column":10},"end":{"line":117,"column":19}}]},"10":{"loc":{"start":{"line":139,"column":4},"end":{"line":142,"column":null}},"type":"if","locations":[{"start":{"line":139,"column":4},"end":{"line":142,"column":null}}]},"11":{"loc":{"start":{"line":141,"column":6},"end":{"line":141,"column":58}},"type":"if","locations":[{"start":{"line":141,"column":6},"end":{"line":141,"column":58}}]},"12":{"loc":{"start":{"line":150,"column":16},"end":{"line":152,"column":19}},"type":"cond-expr","locations":[{"start":{"line":151,"column":10},"end":{"line":151,"column":46}},{"start":{"line":152,"column":10},"end":{"line":152,"column":19}}]},"13":{"loc":{"start":{"line":172,"column":4},"end":{"line":175,"column":null}},"type":"if","locations":[{"start":{"line":172,"column":4},"end":{"line":175,"column":null}}]},"14":{"loc":{"start":{"line":174,"column":6},"end":{"line":174,"column":58}},"type":"if","locations":[{"start":{"line":174,"column":6},"end":{"line":174,"column":58}}]},"15":{"loc":{"start":{"line":183,"column":16},"end":{"line":185,"column":19}},"type":"cond-expr","locations":[{"start":{"line":184,"column":10},"end":{"line":184,"column":46}},{"start":{"line":185,"column":10},"end":{"line":185,"column":19}}]},"16":{"loc":{"start":{"line":199,"column":19},"end":{"line":199,"column":45}},"type":"binary-expr","locations":[{"start":{"line":199,"column":19},"end":{"line":199,"column":40}},{"start":{"line":199,"column":44},"end":{"line":199,"column":45}}]},"17":{"loc":{"start":{"line":200,"column":20},"end":{"line":200,"column":47}},"type":"binary-expr","locations":[{"start":{"line":200,"column":20},"end":{"line":200,"column":42}},{"start":{"line":200,"column":46},"end":{"line":200,"column":47}}]},"18":{"loc":{"start":{"line":201,"column":22},"end":{"line":201,"column":51}},"type":"binary-expr","locations":[{"start":{"line":201,"column":22},"end":{"line":201,"column":46}},{"start":{"line":201,"column":50},"end":{"line":201,"column":51}}]},"19":{"loc":{"start":{"line":202,"column":20},"end":{"line":202,"column":47}},"type":"binary-expr","locations":[{"start":{"line":202,"column":20},"end":{"line":202,"column":42}},{"start":{"line":202,"column":46},"end":{"line":202,"column":47}}]},"20":{"loc":{"start":{"line":229,"column":19},"end":{"line":229,"column":48}},"type":"default-arg","locations":[{"start":{"line":229,"column":46},"end":{"line":229,"column":48}}]},"21":{"loc":{"start":{"line":232,"column":4},"end":{"line":232,"column":74}},"type":"if","locations":[{"start":{"line":232,"column":4},"end":{"line":232,"column":74}}]},"22":{"loc":{"start":{"line":233,"column":4},"end":{"line":233,"column":77}},"type":"if","locations":[{"start":{"line":233,"column":4},"end":{"line":233,"column":77}}]},"23":{"loc":{"start":{"line":234,"column":4},"end":{"line":234,"column":71}},"type":"if","locations":[{"start":{"line":234,"column":4},"end":{"line":234,"column":71}}]},"24":{"loc":{"start":{"line":235,"column":4},"end":{"line":235,"column":67}},"type":"if","locations":[{"start":{"line":235,"column":4},"end":{"line":235,"column":67}}]},"25":{"loc":{"start":{"line":236,"column":4},"end":{"line":237,"column":59}},"type":"if","locations":[{"start":{"line":236,"column":4},"end":{"line":237,"column":59}}]},"26":{"loc":{"start":{"line":240,"column":35},"end":{"line":240,"column":71}},"type":"cond-expr","locations":[{"start":{"line":240,"column":49},"end":{"line":240,"column":66}},{"start":{"line":240,"column":69},"end":{"line":240,"column":71}}]},"27":{"loc":{"start":{"line":252,"column":8},"end":{"line":272,"column":null}},"type":"if","locations":[{"start":{"line":252,"column":8},"end":{"line":272,"column":null}},{"start":{"line":257,"column":15},"end":{"line":272,"column":null}}]},"28":{"loc":{"start":{"line":257,"column":15},"end":{"line":272,"column":null}},"type":"if","locations":[{"start":{"line":257,"column":15},"end":{"line":272,"column":null}},{"start":{"line":262,"column":15},"end":{"line":272,"column":null}}]},"29":{"loc":{"start":{"line":262,"column":15},"end":{"line":272,"column":null}},"type":"if","locations":[{"start":{"line":262,"column":15},"end":{"line":272,"column":null}},{"start":{"line":267,"column":15},"end":{"line":272,"column":null}}]},"30":{"loc":{"start":{"line":267,"column":15},"end":{"line":272,"column":null}},"type":"if","locations":[{"start":{"line":267,"column":15},"end":{"line":272,"column":null}}]},"31":{"loc":{"start":{"line":292,"column":4},"end":{"line":292,"column":41}},"type":"default-arg","locations":[{"start":{"line":292,"column":39},"end":{"line":292,"column":41}}]},"32":{"loc":{"start":{"line":296,"column":4},"end":{"line":297,"column":65}},"type":"if","locations":[{"start":{"line":296,"column":4},"end":{"line":297,"column":65}}]},"33":{"loc":{"start":{"line":298,"column":4},"end":{"line":298,"column":74}},"type":"if","locations":[{"start":{"line":298,"column":4},"end":{"line":298,"column":74}}]},"34":{"loc":{"start":{"line":299,"column":4},"end":{"line":299,"column":77}},"type":"if","locations":[{"start":{"line":299,"column":4},"end":{"line":299,"column":77}}]},"35":{"loc":{"start":{"line":300,"column":4},"end":{"line":300,"column":71}},"type":"if","locations":[{"start":{"line":300,"column":4},"end":{"line":300,"column":71}}]},"36":{"loc":{"start":{"line":301,"column":4},"end":{"line":301,"column":67}},"type":"if","locations":[{"start":{"line":301,"column":4},"end":{"line":301,"column":67}}]},"37":{"loc":{"start":{"line":302,"column":4},"end":{"line":303,"column":59}},"type":"if","locations":[{"start":{"line":302,"column":4},"end":{"line":303,"column":59}}]},"38":{"loc":{"start":{"line":307,"column":6},"end":{"line":307,"column":null}},"type":"cond-expr","locations":[{"start":{"line":307,"column":20},"end":{"line":307,"column":37}},{"start":{"line":307,"column":40},"end":{"line":307,"column":null}}]},"39":{"loc":{"start":{"line":321,"column":8},"end":{"line":342,"column":null}},"type":"if","locations":[{"start":{"line":321,"column":8},"end":{"line":342,"column":null}},{"start":{"line":327,"column":15},"end":{"line":342,"column":null}}]},"40":{"loc":{"start":{"line":327,"column":15},"end":{"line":342,"column":null}},"type":"if","locations":[{"start":{"line":327,"column":15},"end":{"line":342,"column":null}},{"start":{"line":332,"column":15},"end":{"line":342,"column":null}}]},"41":{"loc":{"start":{"line":332,"column":15},"end":{"line":342,"column":null}},"type":"if","locations":[{"start":{"line":332,"column":15},"end":{"line":342,"column":null}},{"start":{"line":337,"column":15},"end":{"line":342,"column":null}}]},"42":{"loc":{"start":{"line":337,"column":15},"end":{"line":342,"column":null}},"type":"if","locations":[{"start":{"line":337,"column":15},"end":{"line":342,"column":null}}]},"43":{"loc":{"start":{"line":359,"column":4},"end":{"line":359,"column":35}},"type":"default-arg","locations":[{"start":{"line":359,"column":33},"end":{"line":359,"column":35}}]},"44":{"loc":{"start":{"line":363,"column":4},"end":{"line":364,"column":65}},"type":"if","locations":[{"start":{"line":363,"column":4},"end":{"line":364,"column":65}}]},"45":{"loc":{"start":{"line":365,"column":4},"end":{"line":366,"column":59}},"type":"if","locations":[{"start":{"line":365,"column":4},"end":{"line":366,"column":59}}]},"46":{"loc":{"start":{"line":367,"column":4},"end":{"line":367,"column":67}},"type":"if","locations":[{"start":{"line":367,"column":4},"end":{"line":367,"column":67}}]},"47":{"loc":{"start":{"line":370,"column":37},"end":{"line":370,"column":73}},"type":"cond-expr","locations":[{"start":{"line":370,"column":51},"end":{"line":370,"column":68}},{"start":{"line":370,"column":71},"end":{"line":370,"column":73}}]},"48":{"loc":{"start":{"line":397,"column":4},"end":{"line":397,"column":27}},"type":"default-arg","locations":[{"start":{"line":397,"column":21},"end":{"line":397,"column":27}}]},"49":{"loc":{"start":{"line":408,"column":6},"end":{"line":410,"column":null}},"type":"if","locations":[{"start":{"line":408,"column":6},"end":{"line":410,"column":null}}]},"50":{"loc":{"start":{"line":408,"column":10},"end":{"line":408,"column":34}},"type":"binary-expr","locations":[{"start":{"line":408,"column":10},"end":{"line":408,"column":14}},{"start":{"line":408,"column":18},"end":{"line":408,"column":34}}]},"51":{"loc":{"start":{"line":416,"column":6},"end":{"line":421,"column":null}},"type":"if","locations":[{"start":{"line":416,"column":6},"end":{"line":421,"column":null}}]},"52":{"loc":{"start":{"line":417,"column":8},"end":{"line":419,"column":null}},"type":"if","locations":[{"start":{"line":417,"column":8},"end":{"line":419,"column":null}}]},"53":{"loc":{"start":{"line":417,"column":12},"end":{"line":417,"column":37}},"type":"binary-expr","locations":[{"start":{"line":417,"column":12},"end":{"line":417,"column":21}},{"start":{"line":417,"column":25},"end":{"line":417,"column":37}}]},"54":{"loc":{"start":{"line":425,"column":6},"end":{"line":427,"column":null}},"type":"if","locations":[{"start":{"line":425,"column":6},"end":{"line":427,"column":null}}]}},"s":{"0":1,"1":22,"2":1,"3":21,"4":21,"5":5,"6":5,"7":5,"8":1,"9":5,"10":3,"11":3,"12":3,"13":5,"14":5,"15":2,"16":2,"17":2,"18":1,"19":1,"20":1,"21":2,"22":2,"23":2,"24":2,"25":2,"26":1,"27":1,"28":1,"29":2,"30":2,"31":2,"32":2,"33":2,"34":1,"35":1,"36":1,"37":2,"38":2,"39":1,"40":1,"41":2,"42":1,"43":2,"44":2,"45":1,"46":2,"47":0,"48":2,"49":0,"50":2,"51":0,"52":2,"53":1,"54":2,"55":2,"56":2,"57":2,"58":15,"59":15,"60":12,"61":3,"62":2,"63":1,"64":1,"65":0,"66":0,"67":0,"68":1,"69":1,"70":1,"71":1,"72":0,"73":1,"74":0,"75":1,"76":0,"77":1,"78":0,"79":1,"80":0,"81":1,"82":1,"83":1,"84":1,"85":6,"86":6,"87":6,"88":0,"89":0,"90":0,"91":0,"92":0,"93":0,"94":0,"95":2,"96":2,"97":1,"98":2,"99":0,"100":2,"101":0,"102":2,"103":2,"104":2,"105":2,"106":9,"107":19,"108":19,"109":19,"110":11,"111":19,"112":19,"113":19,"114":1,"115":1,"116":0,"117":18,"118":1,"119":1,"120":0,"121":1,"122":9},"f":{"0":22,"1":5,"2":2,"3":2,"4":2,"5":1,"6":2,"7":2,"8":15,"9":1,"10":6,"11":2,"12":9,"13":19,"14":9},"b":{"0":[1],"1":[1],"2":[21,0],"3":[1],"4":[3],"5":[3],"6":[3,2],"7":[1],"8":[1],"9":[1,1],"10":[1],"11":[1],"12":[1,1],"13":[1],"14":[1],"15":[1,1],"16":[1,0],"17":[1,0],"18":[1,0],"19":[1,0],"20":[1],"21":[1],"22":[0],"23":[0],"24":[0],"25":[1],"26":[1,1],"27":[12,3],"28":[2,1],"29":[1,0],"30":[0],"31":[0],"32":[1],"33":[0],"34":[0],"35":[0],"36":[0],"37":[0],"38":[1,0],"39":[6,0],"40":[0,0],"41":[0,0],"42":[0],"43":[1],"44":[1],"45":[0],"46":[0],"47":[1,1],"48":[11],"49":[11],"50":[19,11],"51":[1],"52":[1],"53":[1,1],"54":[1]}}
,"/Users/chiragsachdeva/Coding/1ClickImpact Github/makeimpact-js/src/index.ts": {"path":"/Users/chiragsachdeva/Coding/1ClickImpact Github/makeimpact-js/src/index.ts","statementMap":{"0":{"start":{"line":1,"column":0},"end":{"line":1,"column":9}},"1":{"start":{"line":1,"column":9},"end":{"line":1,"column":42}},"2":{"start":{"line":2,"column":0},"end":{"line":2,"column":24}}},"fnMap":{"0":{"name":"(anonymous_4)","decl":{"start":{"line":1,"column":9},"end":{"line":1,"column":23}},"loc":{"start":{"line":1,"column":9},"end":{"line":1,"column":42}}}},"branchMap":{},"s":{"0":1,"1":24,"2":1},"f":{"0":23},"b":{}}
,"/Users/chiragsachdeva/Coding/1ClickImpact Github/makeimpact-js/src/types.ts": {"path":"/Users/chiragsachdeva/Coding/1ClickImpact Github/makeimpact-js/src/types.ts","statementMap":{"0":{"start":{"line":1,"column":0},"end":{"line":1,"column":null}},"1":{"start":{"line":2,"column":2},"end":{"line":2,"column":null}},"2":{"start":{"line":3,"column":2},"end":{"line":3,"column":null}}},"fnMap":{"0":{"name":"(anonymous_0)","decl":{"start":{"line":1,"column":0},"end":{"line":1,"column":12}},"loc":{"start":{"line":1,"column":23},"end":{"line":4,"column":1}}}},"branchMap":{"0":{"loc":{"start":{"line":1,"column":12},"end":{"line":1,"column":null}},"type":"binary-expr","locations":[{"start":{"line":1,"column":12},"end":{"line":1,"column":23}},{"start":{"line":1,"column":12},"end":{"line":1,"column":null}}]}},"s":{"0":1,"1":1,"2":1},"f":{"0":1},"b":{"0":[1,1]}}
}
