{"/Users/chiragsachdeva/Coding/1ClickImpact Github/makeimpact-js/src/client.ts": {"path":"/Users/chiragsachdeva/Coding/1ClickImpact Github/makeimpact-js/src/client.ts","statementMap":{"0":{"start":{"line":1,"column":0},"end":{"line":1,"column":null}},"1":{"start":{"line":26,"column":4},"end":{"line":28,"column":null}},"2":{"start":{"line":27,"column":6},"end":{"line":27,"column":80}},"3":{"start":{"line":29,"column":4},"end":{"line":29,"column":25}},"4":{"start":{"line":32,"column":4},"end":{"line":35,"column":41}},"5":{"start":{"line":48,"column":62},"end":{"line":48,"column":68}},"6":{"start":{"line":50,"column":38},"end":{"line":52,"column":6}},"7":{"start":{"line":54,"column":4},"end":{"line":54,"column":43}},"8":{"start":{"line":54,"column":18},"end":{"line":54,"column":43}},"9":{"start":{"line":55,"column":4},"end":{"line":58,"column":null}},"10":{"start":{"line":56,"column":6},"end":{"line":56,"column":42}},"11":{"start":{"line":57,"column":6},"end":{"line":57,"column":58}},"12":{"start":{"line":57,"column":24},"end":{"line":57,"column":58}},"13":{"start":{"line":60,"column":4},"end":{"line":60,"column":53}},"14":{"start":{"line":72,"column":52},"end":{"line":72,"column":58}},"15":{"start":{"line":74,"column":38},"end":{"line":76,"column":6}},"16":{"start":{"line":78,"column":4},"end":{"line":81,"column":null}},"17":{"start":{"line":79,"column":6},"end":{"line":79,"column":42}},"18":{"start":{"line":80,"column":6},"end":{"line":80,"column":58}},"19":{"start":{"line":80,"column":24},"end":{"line":80,"column":58}},"20":{"start":{"line":83,"column":4},"end":{"line":83,"column":53}},"21":{"start":{"line":95,"column":52},"end":{"line":95,"column":58}},"22":{"start":{"line":97,"column":38},"end":{"line":99,"column":6}},"23":{"start":{"line":101,"column":4},"end":{"line":104,"column":null}},"24":{"start":{"line":102,"column":6},"end":{"line":102,"column":42}},"25":{"start":{"line":103,"column":6},"end":{"line":103,"column":58}},"26":{"start":{"line":103,"column":24},"end":{"line":103,"column":58}},"27":{"start":{"line":106,"column":4},"end":{"line":106,"column":56}},"28":{"start":{"line":118,"column":52},"end":{"line":118,"column":58}},"29":{"start":{"line":120,"column":38},"end":{"line":122,"column":6}},"30":{"start":{"line":124,"column":4},"end":{"line":127,"column":null}},"31":{"start":{"line":125,"column":6},"end":{"line":125,"column":42}},"32":{"start":{"line":126,"column":6},"end":{"line":126,"column":58}},"33":{"start":{"line":126,"column":24},"end":{"line":126,"column":58}},"34":{"start":{"line":129,"column":4},"end":{"line":129,"column":54}},"35":{"start":{"line":137,"column":4},"end":{"line":137,"column":55}},"36":{"start":{"line":145,"column":4},"end":{"line":145,"column":55}},"37":{"start":{"line":159,"column":24},"end":{"line":159,"column":45}},"38":{"start":{"line":161,"column":4},"end":{"line":161,"column":74}},"39":{"start":{"line":161,"column":25},"end":{"line":161,"column":74}},"40":{"start":{"line":162,"column":4},"end":{"line":162,"column":77}},"41":{"start":{"line":162,"column":26},"end":{"line":162,"column":77}},"42":{"start":{"line":163,"column":4},"end":{"line":163,"column":71}},"43":{"start":{"line":163,"column":24},"end":{"line":163,"column":71}},"44":{"start":{"line":164,"column":4},"end":{"line":164,"column":67}},"45":{"start":{"line":164,"column":23},"end":{"line":164,"column":67}},"46":{"start":{"line":165,"column":4},"end":{"line":166,"column":59}},"47":{"start":{"line":166,"column":6},"end":{"line":166,"column":59}},"48":{"start":{"line":168,"column":24},"end":{"line":168,"column":46}},"49":{"start":{"line":169,"column":21},"end":{"line":169,"column":73}},"50":{"start":{"line":171,"column":4},"end":{"line":171,"column":51}},"51":{"start":{"line":188,"column":24},"end":{"line":188,"column":45}},"52":{"start":{"line":190,"column":4},"end":{"line":191,"column":65}},"53":{"start":{"line":191,"column":6},"end":{"line":191,"column":65}},"54":{"start":{"line":192,"column":4},"end":{"line":192,"column":74}},"55":{"start":{"line":192,"column":25},"end":{"line":192,"column":74}},"56":{"start":{"line":193,"column":4},"end":{"line":193,"column":77}},"57":{"start":{"line":193,"column":26},"end":{"line":193,"column":77}},"58":{"start":{"line":194,"column":4},"end":{"line":194,"column":71}},"59":{"start":{"line":194,"column":24},"end":{"line":194,"column":71}},"60":{"start":{"line":195,"column":4},"end":{"line":195,"column":67}},"61":{"start":{"line":195,"column":23},"end":{"line":195,"column":67}},"62":{"start":{"line":196,"column":4},"end":{"line":197,"column":59}},"63":{"start":{"line":197,"column":6},"end":{"line":197,"column":59}},"64":{"start":{"line":199,"column":24},"end":{"line":199,"column":46}},"65":{"start":{"line":200,"column":21},"end":{"line":202,"column":6}},"66":{"start":{"line":204,"column":4},"end":{"line":204,"column":51}},"67":{"start":{"line":216,"column":24},"end":{"line":216,"column":45}},"68":{"start":{"line":218,"column":4},"end":{"line":219,"column":65}},"69":{"start":{"line":219,"column":6},"end":{"line":219,"column":65}},"70":{"start":{"line":220,"column":4},"end":{"line":221,"column":59}},"71":{"start":{"line":221,"column":6},"end":{"line":221,"column":59}},"72":{"start":{"line":222,"column":4},"end":{"line":222,"column":67}},"73":{"start":{"line":222,"column":23},"end":{"line":222,"column":67}},"74":{"start":{"line":224,"column":24},"end":{"line":224,"column":46}},"75":{"start":{"line":225,"column":21},"end":{"line":225,"column":75}},"76":{"start":{"line":227,"column":4},"end":{"line":227,"column":51}},"77":{"start":{"line":242,"column":4},"end":{"line":271,"column":null}},"78":{"start":{"line":243,"column":35},"end":{"line":249,"column":8}},"79":{"start":{"line":251,"column":6},"end":{"line":253,"column":null}},"80":{"start":{"line":252,"column":8},"end":{"line":252,"column":44}},"81":{"start":{"line":255,"column":23},"end":{"line":255,"column":73}},"82":{"start":{"line":257,"column":19},"end":{"line":257,"column":40}},"83":{"start":{"line":259,"column":6},"end":{"line":263,"column":null}},"84":{"start":{"line":260,"column":8},"end":{"line":262,"column":10}},"85":{"start":{"line":265,"column":6},"end":{"line":265,"column":18}},"86":{"start":{"line":267,"column":6},"end":{"line":269,"column":null}},"87":{"start":{"line":268,"column":8},"end":{"line":268,"column":68}},"88":{"start":{"line":270,"column":6},"end":{"line":270,"column":18}},"89":{"start":{"line":13,"column":0},"end":{"line":13,"column":13}}},"fnMap":{"0":{"name":"(anonymous_0)","decl":{"start":{"line":22,"column":2},"end":{"line":22,"column":null}},"loc":{"start":{"line":24,"column":53},"end":{"line":36,"column":3}}},"1":{"name":"(anonymous_1)","decl":{"start":{"line":47,"column":2},"end":{"line":47,"column":7}},"loc":{"start":{"line":47,"column":41},"end":{"line":61,"column":3}}},"2":{"name":"(anonymous_2)","decl":{"start":{"line":71,"column":2},"end":{"line":71,"column":7}},"loc":{"start":{"line":71,"column":43},"end":{"line":84,"column":3}}},"3":{"name":"(anonymous_3)","decl":{"start":{"line":94,"column":2},"end":{"line":94,"column":7}},"loc":{"start":{"line":94,"column":49},"end":{"line":107,"column":3}}},"4":{"name":"(anonymous_4)","decl":{"start":{"line":117,"column":2},"end":{"line":117,"column":7}},"loc":{"start":{"line":117,"column":45},"end":{"line":130,"column":3}}},"5":{"name":"(anonymous_5)","decl":{"start":{"line":136,"column":2},"end":{"line":136,"column":7}},"loc":{"start":{"line":136,"column":17},"end":{"line":138,"column":3}}},"6":{"name":"(anonymous_6)","decl":{"start":{"line":144,"column":2},"end":{"line":144,"column":7}},"loc":{"start":{"line":144,"column":14},"end":{"line":146,"column":3}}},"7":{"name":"(anonymous_7)","decl":{"start":{"line":158,"column":2},"end":{"line":158,"column":7}},"loc":{"start":{"line":158,"column":48},"end":{"line":172,"column":3}}},"8":{"name":"(anonymous_8)","decl":{"start":{"line":185,"column":2},"end":{"line":185,"column":7}},"loc":{"start":{"line":186,"column":41},"end":{"line":205,"column":3}}},"9":{"name":"(anonymous_9)","decl":{"start":{"line":215,"column":2},"end":{"line":215,"column":7}},"loc":{"start":{"line":215,"column":52},"end":{"line":228,"column":3}}},"10":{"name":"(anonymous_10)","decl":{"start":{"line":237,"column":10},"end":{"line":237,"column":15}},"loc":{"start":{"line":240,"column":27},"end":{"line":272,"column":3}}}},"branchMap":{"0":{"loc":{"start":{"line":24,"column":4},"end":{"line":24,"column":53}},"type":"default-arg","locations":[{"start":{"line":24,"column":31},"end":{"line":24,"column":53}}]},"1":{"loc":{"start":{"line":26,"column":4},"end":{"line":28,"column":null}},"type":"if","locations":[{"start":{"line":26,"column":4},"end":{"line":28,"column":null}}]},"2":{"loc":{"start":{"line":33,"column":6},"end":{"line":35,"column":40}},"type":"cond-expr","locations":[{"start":{"line":34,"column":10},"end":{"line":34,"column":44}},{"start":{"line":35,"column":10},"end":{"line":35,"column":40}}]},"3":{"loc":{"start":{"line":54,"column":4},"end":{"line":54,"column":43}},"type":"if","locations":[{"start":{"line":54,"column":4},"end":{"line":54,"column":43}}]},"4":{"loc":{"start":{"line":55,"column":4},"end":{"line":58,"column":null}},"type":"if","locations":[{"start":{"line":55,"column":4},"end":{"line":58,"column":null}}]},"5":{"loc":{"start":{"line":57,"column":6},"end":{"line":57,"column":58}},"type":"if","locations":[{"start":{"line":57,"column":6},"end":{"line":57,"column":58}}]},"6":{"loc":{"start":{"line":78,"column":4},"end":{"line":81,"column":null}},"type":"if","locations":[{"start":{"line":78,"column":4},"end":{"line":81,"column":null}}]},"7":{"loc":{"start":{"line":80,"column":6},"end":{"line":80,"column":58}},"type":"if","locations":[{"start":{"line":80,"column":6},"end":{"line":80,"column":58}}]},"8":{"loc":{"start":{"line":101,"column":4},"end":{"line":104,"column":null}},"type":"if","locations":[{"start":{"line":101,"column":4},"end":{"line":104,"column":null}}]},"9":{"loc":{"start":{"line":103,"column":6},"end":{"line":103,"column":58}},"type":"if","locations":[{"start":{"line":103,"column":6},"end":{"line":103,"column":58}}]},"10":{"loc":{"start":{"line":124,"column":4},"end":{"line":127,"column":null}},"type":"if","locations":[{"start":{"line":124,"column":4},"end":{"line":127,"column":null}}]},"11":{"loc":{"start":{"line":126,"column":6},"end":{"line":126,"column":58}},"type":"if","locations":[{"start":{"line":126,"column":6},"end":{"line":126,"column":58}}]},"12":{"loc":{"start":{"line":158,"column":19},"end":{"line":158,"column":48}},"type":"default-arg","locations":[{"start":{"line":158,"column":46},"end":{"line":158,"column":48}}]},"13":{"loc":{"start":{"line":161,"column":4},"end":{"line":161,"column":74}},"type":"if","locations":[{"start":{"line":161,"column":4},"end":{"line":161,"column":74}}]},"14":{"loc":{"start":{"line":162,"column":4},"end":{"line":162,"column":77}},"type":"if","locations":[{"start":{"line":162,"column":4},"end":{"line":162,"column":77}}]},"15":{"loc":{"start":{"line":163,"column":4},"end":{"line":163,"column":71}},"type":"if","locations":[{"start":{"line":163,"column":4},"end":{"line":163,"column":71}}]},"16":{"loc":{"start":{"line":164,"column":4},"end":{"line":164,"column":67}},"type":"if","locations":[{"start":{"line":164,"column":4},"end":{"line":164,"column":67}}]},"17":{"loc":{"start":{"line":165,"column":4},"end":{"line":166,"column":59}},"type":"if","locations":[{"start":{"line":165,"column":4},"end":{"line":166,"column":59}}]},"18":{"loc":{"start":{"line":169,"column":35},"end":{"line":169,"column":71}},"type":"cond-expr","locations":[{"start":{"line":169,"column":49},"end":{"line":169,"column":66}},{"start":{"line":169,"column":69},"end":{"line":169,"column":71}}]},"19":{"loc":{"start":{"line":186,"column":4},"end":{"line":186,"column":41}},"type":"default-arg","locations":[{"start":{"line":186,"column":39},"end":{"line":186,"column":41}}]},"20":{"loc":{"start":{"line":190,"column":4},"end":{"line":191,"column":65}},"type":"if","locations":[{"start":{"line":190,"column":4},"end":{"line":191,"column":65}}]},"21":{"loc":{"start":{"line":192,"column":4},"end":{"line":192,"column":74}},"type":"if","locations":[{"start":{"line":192,"column":4},"end":{"line":192,"column":74}}]},"22":{"loc":{"start":{"line":193,"column":4},"end":{"line":193,"column":77}},"type":"if","locations":[{"start":{"line":193,"column":4},"end":{"line":193,"column":77}}]},"23":{"loc":{"start":{"line":194,"column":4},"end":{"line":194,"column":71}},"type":"if","locations":[{"start":{"line":194,"column":4},"end":{"line":194,"column":71}}]},"24":{"loc":{"start":{"line":195,"column":4},"end":{"line":195,"column":67}},"type":"if","locations":[{"start":{"line":195,"column":4},"end":{"line":195,"column":67}}]},"25":{"loc":{"start":{"line":196,"column":4},"end":{"line":197,"column":59}},"type":"if","locations":[{"start":{"line":196,"column":4},"end":{"line":197,"column":59}}]},"26":{"loc":{"start":{"line":201,"column":6},"end":{"line":201,"column":null}},"type":"cond-expr","locations":[{"start":{"line":201,"column":20},"end":{"line":201,"column":37}},{"start":{"line":201,"column":40},"end":{"line":201,"column":null}}]},"27":{"loc":{"start":{"line":215,"column":21},"end":{"line":215,"column":52}},"type":"default-arg","locations":[{"start":{"line":215,"column":50},"end":{"line":215,"column":52}}]},"28":{"loc":{"start":{"line":218,"column":4},"end":{"line":219,"column":65}},"type":"if","locations":[{"start":{"line":218,"column":4},"end":{"line":219,"column":65}}]},"29":{"loc":{"start":{"line":220,"column":4},"end":{"line":221,"column":59}},"type":"if","locations":[{"start":{"line":220,"column":4},"end":{"line":221,"column":59}}]},"30":{"loc":{"start":{"line":222,"column":4},"end":{"line":222,"column":67}},"type":"if","locations":[{"start":{"line":222,"column":4},"end":{"line":222,"column":67}}]},"31":{"loc":{"start":{"line":225,"column":37},"end":{"line":225,"column":73}},"type":"cond-expr","locations":[{"start":{"line":225,"column":51},"end":{"line":225,"column":68}},{"start":{"line":225,"column":71},"end":{"line":225,"column":73}}]},"32":{"loc":{"start":{"line":240,"column":4},"end":{"line":240,"column":27}},"type":"default-arg","locations":[{"start":{"line":240,"column":21},"end":{"line":240,"column":27}}]},"33":{"loc":{"start":{"line":251,"column":6},"end":{"line":253,"column":null}},"type":"if","locations":[{"start":{"line":251,"column":6},"end":{"line":253,"column":null}}]},"34":{"loc":{"start":{"line":251,"column":10},"end":{"line":251,"column":34}},"type":"binary-expr","locations":[{"start":{"line":251,"column":10},"end":{"line":251,"column":14}},{"start":{"line":251,"column":18},"end":{"line":251,"column":34}}]},"35":{"loc":{"start":{"line":259,"column":6},"end":{"line":263,"column":null}},"type":"if","locations":[{"start":{"line":259,"column":6},"end":{"line":263,"column":null}}]},"36":{"loc":{"start":{"line":261,"column":10},"end":{"line":261,"column":71}},"type":"binary-expr","locations":[{"start":{"line":261,"column":10},"end":{"line":261,"column":20}},{"start":{"line":261,"column":24},"end":{"line":261,"column":71}}]},"37":{"loc":{"start":{"line":267,"column":6},"end":{"line":269,"column":null}},"type":"if","locations":[{"start":{"line":267,"column":6},"end":{"line":269,"column":null}}]}},"s":{"0":1,"1":15,"2":1,"3":14,"4":14,"5":3,"6":3,"7":3,"8":0,"9":3,"10":1,"11":1,"12":1,"13":3,"14":1,"15":1,"16":1,"17":0,"18":0,"19":0,"20":1,"21":1,"22":1,"23":1,"24":0,"25":0,"26":0,"27":1,"28":1,"29":1,"30":1,"31":0,"32":0,"33":0,"34":1,"35":1,"36":1,"37":2,"38":2,"39":1,"40":2,"41":1,"42":2,"43":0,"44":2,"45":0,"46":2,"47":1,"48":2,"49":2,"50":2,"51":1,"52":1,"53":1,"54":1,"55":0,"56":1,"57":0,"58":1,"59":0,"60":1,"61":0,"62":1,"63":0,"64":1,"65":1,"66":1,"67":1,"68":1,"69":0,"70":1,"71":0,"72":1,"73":0,"74":1,"75":1,"76":1,"77":12,"78":12,"79":12,"80":6,"81":12,"82":12,"83":12,"84":12,"85":0,"86":12,"87":12,"88":0,"89":1},"f":{"0":15,"1":3,"2":1,"3":1,"4":1,"5":1,"6":1,"7":2,"8":1,"9":1,"10":12},"b":{"0":[1],"1":[1],"2":[14,0],"3":[0],"4":[1],"5":[1],"6":[0],"7":[0],"8":[0],"9":[0],"10":[0],"11":[0],"12":[1],"13":[1],"14":[1],"15":[0],"16":[0],"17":[1],"18":[1,1],"19":[0],"20":[1],"21":[0],"22":[0],"23":[0],"24":[0],"25":[0],"26":[1,0],"27":[1],"28":[0],"29":[0],"30":[0],"31":[0,1],"32":[6],"33":[6],"34":[12,6],"35":[12],"36":[12,12],"37":[12]}}
,"/Users/chiragsachdeva/Coding/1ClickImpact Github/makeimpact-js/src/index.ts": {"path":"/Users/chiragsachdeva/Coding/1ClickImpact Github/makeimpact-js/src/index.ts","statementMap":{"0":{"start":{"line":1,"column":0},"end":{"line":1,"column":9}},"1":{"start":{"line":1,"column":9},"end":{"line":1,"column":42}},"2":{"start":{"line":2,"column":0},"end":{"line":2,"column":24}}},"fnMap":{"0":{"name":"(anonymous_4)","decl":{"start":{"line":1,"column":9},"end":{"line":1,"column":23}},"loc":{"start":{"line":1,"column":9},"end":{"line":1,"column":42}}}},"branchMap":{},"s":{"0":1,"1":17,"2":1},"f":{"0":16},"b":{}}
,"/Users/chiragsachdeva/Coding/1ClickImpact Github/makeimpact-js/src/types.ts": {"path":"/Users/chiragsachdeva/Coding/1ClickImpact Github/makeimpact-js/src/types.ts","statementMap":{"0":{"start":{"line":1,"column":0},"end":{"line":1,"column":null}},"1":{"start":{"line":2,"column":2},"end":{"line":2,"column":null}},"2":{"start":{"line":3,"column":2},"end":{"line":3,"column":null}}},"fnMap":{"0":{"name":"(anonymous_0)","decl":{"start":{"line":1,"column":0},"end":{"line":1,"column":12}},"loc":{"start":{"line":1,"column":23},"end":{"line":4,"column":1}}}},"branchMap":{"0":{"loc":{"start":{"line":1,"column":12},"end":{"line":1,"column":null}},"type":"binary-expr","locations":[{"start":{"line":1,"column":12},"end":{"line":1,"column":23}},{"start":{"line":1,"column":12},"end":{"line":1,"column":null}}]}},"s":{"0":1,"1":1,"2":1},"f":{"0":1},"b":{"0":[1,1]}}
}
