TN:
SF:src/client.ts
FN:22,(anonymous_0)
FN:47,(anonymous_1)
FN:71,(anonymous_2)
FN:94,(anonymous_3)
FN:117,(anonymous_4)
FN:136,(anonymous_5)
FN:144,(anonymous_6)
FN:158,(anonymous_7)
FN:185,(anonymous_8)
FN:215,(anonymous_9)
FN:237,(anonymous_10)
FNF:11
FNH:11
FNDA:15,(anonymous_0)
FNDA:3,(anonymous_1)
FNDA:1,(anonymous_2)
FNDA:1,(anonymous_3)
FNDA:1,(anonymous_4)
FNDA:1,(anonymous_5)
FNDA:1,(anonymous_6)
FNDA:2,(anonymous_7)
FNDA:1,(anonymous_8)
FNDA:1,(anonymous_9)
FNDA:12,(anonymous_10)
DA:1,1
DA:13,1
DA:26,15
DA:27,1
DA:29,14
DA:32,14
DA:48,3
DA:50,3
DA:54,3
DA:55,3
DA:56,1
DA:57,1
DA:60,3
DA:72,1
DA:74,1
DA:78,1
DA:79,0
DA:80,0
DA:83,1
DA:95,1
DA:97,1
DA:101,1
DA:102,0
DA:103,0
DA:106,1
DA:118,1
DA:120,1
DA:124,1
DA:125,0
DA:126,0
DA:129,1
DA:137,1
DA:145,1
DA:159,2
DA:161,2
DA:162,2
DA:163,2
DA:164,2
DA:165,2
DA:166,1
DA:168,2
DA:169,2
DA:171,2
DA:188,1
DA:190,1
DA:191,1
DA:192,1
DA:193,1
DA:194,1
DA:195,1
DA:196,1
DA:197,0
DA:199,1
DA:200,1
DA:204,1
DA:216,1
DA:218,1
DA:219,0
DA:220,1
DA:221,0
DA:222,1
DA:224,1
DA:225,1
DA:227,1
DA:242,12
DA:243,12
DA:251,12
DA:252,6
DA:255,12
DA:257,12
DA:259,12
DA:260,12
DA:265,0
DA:267,12
DA:268,12
DA:270,0
LF:76
LH:65
BRDA:24,0,0,1
BRDA:26,1,0,1
BRDA:33,2,0,14
BRDA:33,2,1,0
BRDA:54,3,0,0
BRDA:55,4,0,1
BRDA:57,5,0,1
BRDA:78,6,0,0
BRDA:80,7,0,0
BRDA:101,8,0,0
BRDA:103,9,0,0
BRDA:124,10,0,0
BRDA:126,11,0,0
BRDA:158,12,0,1
BRDA:161,13,0,1
BRDA:162,14,0,1
BRDA:163,15,0,0
BRDA:164,16,0,0
BRDA:165,17,0,1
BRDA:169,18,0,1
BRDA:169,18,1,1
BRDA:186,19,0,0
BRDA:190,20,0,1
BRDA:192,21,0,0
BRDA:193,22,0,0
BRDA:194,23,0,0
BRDA:195,24,0,0
BRDA:196,25,0,0
BRDA:201,26,0,1
BRDA:201,26,1,0
BRDA:215,27,0,1
BRDA:218,28,0,0
BRDA:220,29,0,0
BRDA:222,30,0,0
BRDA:225,31,0,0
BRDA:225,31,1,1
BRDA:240,32,0,6
BRDA:251,33,0,6
BRDA:251,34,0,12
BRDA:251,34,1,6
BRDA:259,35,0,12
BRDA:261,36,0,12
BRDA:261,36,1,12
BRDA:267,37,0,12
BRF:44
BRH:23
end_of_record
TN:
SF:src/index.ts
FN:1,(anonymous_4)
FNF:1
FNH:1
FNDA:16,(anonymous_4)
DA:1,17
DA:2,1
LF:2
LH:2
BRF:0
BRH:0
end_of_record
TN:
SF:src/types.ts
FN:1,(anonymous_0)
FNF:1
FNH:1
FNDA:1,(anonymous_0)
DA:1,1
DA:2,1
DA:3,1
LF:3
LH:3
BRDA:1,0,0,1
BRDA:1,0,1,1
BRF:2
BRH:2
end_of_record
