TN:
SF:src/client.ts
FN:31,(anonymous_0)
FN:56,(anonymous_1)
FN:97,(anonymous_2)
FN:130,(anonymous_3)
FN:165,(anonymous_4)
FN:194,(anonymous_5)
FN:210,(anonymous_6)
FN:229,(anonymous_7)
FN:246,(anonymous_8)
FN:291,(anonymous_9)
FN:314,(anonymous_10)
FN:358,(anonymous_11)
FN:376,(anonymous_12)
FN:394,(anonymous_13)
FN:436,transformCustomer
FNF:15
FNH:15
FNDA:22,(anonymous_0)
FNDA:5,(anonymous_1)
FNDA:2,(anonymous_2)
FNDA:2,(anonymous_3)
FNDA:2,(anonymous_4)
FNDA:1,(anonymous_5)
FNDA:2,(anonymous_6)
FNDA:2,(anonymous_7)
FNDA:15,(anonymous_8)
FNDA:1,(anonymous_9)
FNDA:6,(anonymous_10)
FNDA:2,(anonymous_11)
FNDA:9,(anonymous_12)
FNDA:19,(anonymous_13)
FNDA:9,transformCustomer
DA:1,1
DA:22,1
DA:35,22
DA:36,1
DA:38,21
DA:41,21
DA:57,5
DA:59,5
DA:63,5
DA:64,5
DA:65,3
DA:66,3
DA:69,5
DA:72,5
DA:98,2
DA:100,2
DA:104,2
DA:105,1
DA:106,1
DA:109,2
DA:112,2
DA:133,2
DA:135,2
DA:139,2
DA:140,1
DA:141,1
DA:144,2
DA:147,2
DA:166,2
DA:168,2
DA:172,2
DA:173,1
DA:174,1
DA:177,2
DA:180,2
DA:195,1
DA:197,1
DA:211,2
DA:213,1
DA:230,2
DA:232,2
DA:233,2
DA:234,2
DA:235,2
DA:236,2
DA:237,1
DA:239,2
DA:240,2
DA:242,2
DA:245,2
DA:247,15
DA:252,15
DA:253,12
DA:257,3
DA:258,2
DA:262,1
DA:263,1
DA:267,0
DA:268,0
DA:274,0
DA:294,1
DA:296,1
DA:297,1
DA:298,1
DA:299,1
DA:300,1
DA:301,1
DA:302,1
DA:303,0
DA:305,1
DA:306,1
DA:310,1
DA:313,1
DA:315,6
DA:321,6
DA:322,6
DA:327,0
DA:328,0
DA:332,0
DA:333,0
DA:337,0
DA:338,0
DA:344,0
DA:361,2
DA:363,2
DA:364,1
DA:365,2
DA:366,0
DA:367,2
DA:369,2
DA:370,2
DA:372,2
DA:375,2
DA:376,9
DA:399,19
DA:400,19
DA:408,19
DA:409,11
DA:412,19
DA:414,19
DA:416,19
DA:417,1
DA:418,1
DA:420,0
DA:423,18
DA:425,1
DA:426,1
DA:428,0
DA:437,9
LF:109
LH:95
BRDA:33,0,0,1
BRDA:35,1,0,1
BRDA:42,2,0,21
BRDA:42,2,1,0
BRDA:63,3,0,1
BRDA:64,4,0,3
BRDA:66,5,0,3
BRDA:76,6,0,3
BRDA:76,6,1,2
BRDA:104,7,0,1
BRDA:106,8,0,1
BRDA:115,9,0,1
BRDA:115,9,1,1
BRDA:139,10,0,1
BRDA:141,11,0,1
BRDA:150,12,0,1
BRDA:150,12,1,1
BRDA:172,13,0,1
BRDA:174,14,0,1
BRDA:183,15,0,1
BRDA:183,15,1,1
BRDA:199,16,0,1
BRDA:199,16,1,0
BRDA:200,17,0,1
BRDA:200,17,1,0
BRDA:201,18,0,1
BRDA:201,18,1,0
BRDA:202,19,0,1
BRDA:202,19,1,0
BRDA:229,20,0,1
BRDA:232,21,0,1
BRDA:233,22,0,0
BRDA:234,23,0,0
BRDA:235,24,0,0
BRDA:236,25,0,1
BRDA:240,26,0,1
BRDA:240,26,1,1
BRDA:252,27,0,12
BRDA:252,27,1,3
BRDA:257,28,0,2
BRDA:257,28,1,1
BRDA:262,29,0,1
BRDA:262,29,1,0
BRDA:267,30,0,0
BRDA:292,31,0,0
BRDA:296,32,0,1
BRDA:298,33,0,0
BRDA:299,34,0,0
BRDA:300,35,0,0
BRDA:301,36,0,0
BRDA:302,37,0,0
BRDA:307,38,0,1
BRDA:307,38,1,0
BRDA:321,39,0,6
BRDA:321,39,1,0
BRDA:327,40,0,0
BRDA:327,40,1,0
BRDA:332,41,0,0
BRDA:332,41,1,0
BRDA:337,42,0,0
BRDA:359,43,0,1
BRDA:363,44,0,1
BRDA:365,45,0,0
BRDA:367,46,0,0
BRDA:370,47,0,1
BRDA:370,47,1,1
BRDA:397,48,0,11
BRDA:408,49,0,11
BRDA:408,50,0,19
BRDA:408,50,1,11
BRDA:416,51,0,1
BRDA:417,52,0,1
BRDA:417,53,0,1
BRDA:417,53,1,1
BRDA:425,54,0,1
BRF:75
BRH:50
end_of_record
TN:
SF:src/index.ts
FN:1,(anonymous_4)
FNF:1
FNH:1
FNDA:23,(anonymous_4)
DA:1,24
DA:2,1
LF:2
LH:2
BRF:0
BRH:0
end_of_record
TN:
SF:src/types.ts
FN:1,(anonymous_0)
FNF:1
FNH:1
FNDA:1,(anonymous_0)
DA:1,1
DA:2,1
DA:3,1
LF:3
LH:3
BRDA:1,0,0,1
BRDA:1,0,1,1
BRF:2
BRH:2
end_of_record
